<?xml version="1.0" encoding="UTF-8"?>
<!-- Generated by org.testng.reporters.JUnitReportReporter -->
<testsuite hostname="mbpk1999" failures="0" tests="1" name="trialTestPack.BasicFrameworkTest" time="10.795" errors="0" timestamp="2024-02-05T23:49:19 IST" skipped="0">
  <testcase classname="trialTestPack.BasicFrameworkTest" name="Demoworkshop" time="10.795"/>
</testsuite> <!-- trialTestPack.BasicFrameworkTest -->
