<?xml version="1.0" encoding="UTF-8"?>
<!-- Generated by org.testng.reporters.JUnitReportReporter -->
<testsuite hostname="mbpk1999" failures="0" tests="1" name="trialTestPack.BasicFrameworkTest" time="6.073" errors="0" timestamp="2024-02-04T22:40:48 IST" skipped="0">
  <testcase classname="trialTestPack.BasicFrameworkTest" name="Demoworkshop" time="6.073"/>
</testsuite> <!-- trialTestPack.BasicFrameworkTest -->
