<?xml version="1.0" encoding="UTF-8"?>
<!-- Generated by org.testng.reporters.JUnitReportReporter -->
<testsuite hostname="mbpk1999" failures="0" tests="2" name="DemoWorkShop.OrderItem" time="28.025" errors="0" timestamp="2024-04-07T14:47:37 IST" skipped="0">
  <testcase classname="DemoWorkShop.OrderItem" name="OrderBlueJeans" time="14.455"/>
  <testcase classname="DemoWorkShop.OrderItem" name="ShoppingCart" time="13.570"/>
</testsuite> <!-- DemoWorkShop.OrderItem -->
