<?xml version="1.0" encoding="UTF-8"?>
<!-- Generated by org.testng.reporters.JUnitReportReporter -->
<testsuite hostname="mbpk1999" failures="0" tests="1" name="trialTestPack.BasicFrameworkTest" time="11.126" errors="0" timestamp="2024-02-25T23:20:55 IST" skipped="0">
  <testcase classname="trialTestPack.BasicFrameworkTest" name="Demoworkshop" time="11.126"/>
</testsuite> <!-- trialTestPack.BasicFrameworkTest -->
